1694716602952	geckodriver	INFO	Listening on 127.0.0.1:32881
1694716602989	mozrunner::runner	INFO	Running command: MOZ_CRASHREPORTER="1" MOZ_CRASHREPORTER_NO_REPORT="1" MOZ_CRASHREPORTER_SHUTDOWN="1" MOZ_NO_REMOTE="1" "/usr ... ss" "--remote-debugging-port" "35267" "--remote-allow-hosts" "localhost" "-no-remote" "-profile" "/tmp/rust_mozprofileiVI5Yd"
*** You are running in headless mode.
1694716603181	Marionette	INFO	Marionette enabled
1694716603184	Marionette	INFO	Listening on port 44935
Read port: 44935
WebDriver BiDi listening on ws://127.0.0.1:35267
1694716603249	RemoteAgent	WARN	TLS certificate errors will be ignored for this session
[GFX1-]: RenderCompositorSWGL failed mapping default framebuffer, no dt
console.warn: SearchSettings: "get: No settings file exists, new profile?" (new NotFoundError("Could not open the file at /tmp/rust_mozprofileiVI5Yd/search.json.mozlz4", (void 0)))
DevTools listening on ws://127.0.0.1:35267/devtools/browser/9d838a76-3a7b-419e-93cb-48500ff7399e
1694716607615	Marionette	WARN	TimedPromise timed out after 500 ms: stacktrace:
TimedPromise/<@chrome://remote/content/marionette/sync.sys.mjs:219:24
TimedPromise@chrome://remote/content/marionette/sync.sys.mjs:204:10
interaction.flushEventLoop@chrome://remote/content/marionette/interaction.sys.mjs:425:10
webdriverClickElement@chrome://remote/content/marionette/interaction.sys.mjs:173:31
JavaScript error: https://ltfl.librarything.com/syndeticsunbound/connector/initiator.php?a_id=517, line 8900: TypeError: LibraryThing.ltstrings is undefined
JavaScript error: https://ltfl.librarything.com/syndeticsunbound/connector/initiator.php?a_id=517, line 8900: TypeError: LibraryThing.ltstrings is undefined
JavaScript error: https://ltfl.librarything.com/syndeticsunbound/connector/initiator.php?a_id=517, line 8900: TypeError: LibraryThing.ltstrings is undefined
JavaScript error: https://ltfl.librarything.com/syndeticsunbound/connector/initiator.php?a_id=517, line 8900: TypeError: LibraryThing.ltstrings is undefined
JavaScript error: https://ltfl.librarything.com/syndeticsunbound/connector/initiator.php?a_id=517, line 8900: TypeError: LibraryThing.ltstrings is undefined
1694716611379	Marionette	INFO	Stopped listening on port 44935
1694716611778	geckodriver	INFO	Listening on 127.0.0.1:47703
1694716612322	mozrunner::runner	INFO	Running command: MOZ_CRASHREPORTER="1" MOZ_CRASHREPORTER_NO_REPORT="1" MOZ_CRASHREPORTER_SHUTDOWN="1" MOZ_NO_REMOTE="1" "/usr ... ss" "--remote-debugging-port" "35491" "--remote-allow-hosts" "localhost" "-no-remote" "-profile" "/tmp/rust_mozprofileomfeka"
*** You are running in headless mode.
1694716612519	Marionette	INFO	Marionette enabled
1694716612522	Marionette	INFO	Listening on port 45363
Read port: 45363
WebDriver BiDi listening on ws://127.0.0.1:35491
1694716612582	RemoteAgent	WARN	TLS certificate errors will be ignored for this session
[GFX1-]: RenderCompositorSWGL failed mapping default framebuffer, no dt
console.warn: SearchSettings: "get: No settings file exists, new profile?" (new NotFoundError("Could not open the file at /tmp/rust_mozprofileomfeka/search.json.mozlz4", (void 0)))
DevTools listening on ws://127.0.0.1:35491/devtools/browser/e8f1d9af-150c-4569-b355-8ed1307c557b
1694716650319	geckodriver	INFO	Listening on 127.0.0.1:38035
1694716650362	mozrunner::runner	INFO	Running command: MOZ_CRASHREPORTER="1" MOZ_CRASHREPORTER_NO_REPORT="1" MOZ_CRASHREPORTER_SHUTDOWN="1" MOZ_NO_REMOTE="1" "/usr ... ss" "--remote-debugging-port" "58743" "--remote-allow-hosts" "localhost" "-no-remote" "-profile" "/tmp/rust_mozprofile2K4vwv"
*** You are running in headless mode.
1694716650558	Marionette	INFO	Marionette enabled
1694716650561	Marionette	INFO	Listening on port 39843
Read port: 39843
WebDriver BiDi listening on ws://127.0.0.1:58743
1694716650618	RemoteAgent	WARN	TLS certificate errors will be ignored for this session
[GFX1-]: RenderCompositorSWGL failed mapping default framebuffer, no dt
console.warn: SearchSettings: "get: No settings file exists, new profile?" (new NotFoundError("Could not open the file at /tmp/rust_mozprofile2K4vwv/search.json.mozlz4", (void 0)))
DevTools listening on ws://127.0.0.1:58743/devtools/browser/d278a1b4-67a7-4779-8f4c-f643a4ec0a84
1694716655895	Marionette	WARN	TimedPromise timed out after 500 ms: stacktrace:
TimedPromise/<@chrome://remote/content/marionette/sync.sys.mjs:219:24
TimedPromise@chrome://remote/content/marionette/sync.sys.mjs:204:10
interaction.flushEventLoop@chrome://remote/content/marionette/interaction.sys.mjs:425:10
webdriverClickElement@chrome://remote/content/marionette/interaction.sys.mjs:173:31
JavaScript error: https://ltfl.librarything.com/syndeticsunbound/connector/initiator.php?a_id=517, line 8900: TypeError: LibraryThing.ltstrings is undefined
JavaScript error: https://ltfl.librarything.com/syndeticsunbound/connector/initiator.php?a_id=517, line 8900: TypeError: LibraryThing.ltstrings is undefined
JavaScript error: https://ltfl.librarything.com/syndeticsunbound/connector/initiator.php?a_id=517, line 8900: TypeError: LibraryThing.ltstrings is undefined
JavaScript error: https://ltfl.librarything.com/syndeticsunbound/connector/initiator.php?a_id=517, line 8900: TypeError: LibraryThing.ltstrings is undefined
1694716658561	Marionette	INFO	Stopped listening on port 39843
Sandbox: Unexpected EOF, op 0 flags 00 path /proc/cpuinfo
1694716658992	geckodriver	INFO	Listening on 127.0.0.1:38643
1694716659522	mozrunner::runner	INFO	Running command: MOZ_CRASHREPORTER="1" MOZ_CRASHREPORTER_NO_REPORT="1" MOZ_CRASHREPORTER_SHUTDOWN="1" MOZ_NO_REMOTE="1" "/usr ... ss" "--remote-debugging-port" "41769" "--remote-allow-hosts" "localhost" "-no-remote" "-profile" "/tmp/rust_mozprofileCGL4bQ"
*** You are running in headless mode.
1694716659731	Marionette	INFO	Marionette enabled
1694716659733	Marionette	INFO	Listening on port 33383
WebDriver BiDi listening on ws://127.0.0.1:41769
Read port: 33383
1694716659916	RemoteAgent	WARN	TLS certificate errors will be ignored for this session
[GFX1-]: RenderCompositorSWGL failed mapping default framebuffer, no dt
console.warn: SearchSettings: "get: No settings file exists, new profile?" (new NotFoundError("Could not open the file at /tmp/rust_mozprofileCGL4bQ/search.json.mozlz4", (void 0)))
DevTools listening on ws://127.0.0.1:41769/devtools/browser/83f34dc0-79e5-4bd7-b65c-23074af50686
[GFX1-]: Unrecognized feature ACCELERATED_CANVAS2D
[GFX1-]: Unrecognized feature ACCELERATED_CANVAS2D
1694717315184	geckodriver	INFO	Listening on 127.0.0.1:47931
1694717315733	mozrunner::runner	INFO	Running command: MOZ_CRASHREPORTER="1" MOZ_CRASHREPORTER_NO_REPORT="1" MOZ_CRASHREPORTER_SHUTDOWN="1" MOZ_NO_REMOTE="1" "/usr ... ss" "--remote-debugging-port" "55631" "--remote-allow-hosts" "localhost" "-no-remote" "-profile" "/tmp/rust_mozprofile31hafn"
*** You are running in headless mode.
1694717315939	Marionette	INFO	Marionette enabled
1694717315941	Marionette	INFO	Listening on port 36887
WebDriver BiDi listening on ws://127.0.0.1:55631
Read port: 36887
1694717316119	RemoteAgent	WARN	TLS certificate errors will be ignored for this session
[GFX1-]: RenderCompositorSWGL failed mapping default framebuffer, no dt
console.warn: SearchSettings: "get: No settings file exists, new profile?" (new NotFoundError("Could not open the file at /tmp/rust_mozprofile31hafn/search.json.mozlz4", (void 0)))
DevTools listening on ws://127.0.0.1:55631/devtools/browser/5d7dd406-9ad0-4a2c-9611-ddb1df84178b
1694717320644	Marionette	WARN	TimedPromise timed out after 500 ms: stacktrace:
TimedPromise/<@chrome://remote/content/marionette/sync.sys.mjs:219:24
TimedPromise@chrome://remote/content/marionette/sync.sys.mjs:204:10
interaction.flushEventLoop@chrome://remote/content/marionette/interaction.sys.mjs:425:10
webdriverClickElement@chrome://remote/content/marionette/interaction.sys.mjs:173:31
JavaScript error: https://ltfl.librarything.com/syndeticsunbound/connector/initiator.php?a_id=517, line 8900: TypeError: LibraryThing.ltstrings is undefined
JavaScript error: https://ltfl.librarything.com/syndeticsunbound/connector/initiator.php?a_id=517, line 8900: TypeError: LibraryThing.ltstrings is undefined
1694717322861	Marionette	INFO	Stopped listening on port 36887
1694717323266	geckodriver	INFO	Listening on 127.0.0.1:34837
1694717323794	mozrunner::runner	INFO	Running command: MOZ_CRASHREPORTER="1" MOZ_CRASHREPORTER_NO_REPORT="1" MOZ_CRASHREPORTER_SHUTDOWN="1" MOZ_NO_REMOTE="1" "/usr ... ss" "--remote-debugging-port" "39251" "--remote-allow-hosts" "localhost" "-no-remote" "-profile" "/tmp/rust_mozprofileMghykz"
*** You are running in headless mode.
1694717324002	Marionette	INFO	Marionette enabled
1694717324004	Marionette	INFO	Listening on port 33439
WebDriver BiDi listening on ws://127.0.0.1:39251
Read port: 33439
1694717324200	RemoteAgent	WARN	TLS certificate errors will be ignored for this session
[GFX1-]: RenderCompositorSWGL failed mapping default framebuffer, no dt
console.warn: SearchSettings: "get: No settings file exists, new profile?" (new NotFoundError("Could not open the file at /tmp/rust_mozprofileMghykz/search.json.mozlz4", (void 0)))
DevTools listening on ws://127.0.0.1:39251/devtools/browser/8f2137fb-3a0e-478e-801b-a2166ccadeae
Exiting due to channel error.
Exiting due to channel error.
Exiting due to channel error.
Exiting due to channel error.
Exiting due to channel error.
Exiting due to channel error.
1694717433895	geckodriver	INFO	Listening on 127.0.0.1:53371
1694717433933	mozrunner::runner	INFO	Running command: MOZ_CRASHREPORTER="1" MOZ_CRASHREPORTER_NO_REPORT="1" MOZ_CRASHREPORTER_SHUTDOWN="1" MOZ_NO_REMOTE="1" "/usr ... ss" "--remote-debugging-port" "43079" "--remote-allow-hosts" "localhost" "-no-remote" "-profile" "/tmp/rust_mozprofile1OJ7bo"
*** You are running in headless mode.
1694717434127	Marionette	INFO	Marionette enabled
1694717434129	Marionette	INFO	Listening on port 46235
Read port: 46235
WebDriver BiDi listening on ws://127.0.0.1:43079
1694717434185	RemoteAgent	WARN	TLS certificate errors will be ignored for this session
[GFX1-]: RenderCompositorSWGL failed mapping default framebuffer, no dt
console.warn: SearchSettings: "get: No settings file exists, new profile?" (new NotFoundError("Could not open the file at /tmp/rust_mozprofile1OJ7bo/search.json.mozlz4", (void 0)))
DevTools listening on ws://127.0.0.1:43079/devtools/browser/d5becd76-1aff-40a2-9c11-0d742bb7c318
1694717438656	Marionette	WARN	TimedPromise timed out after 500 ms: stacktrace:
TimedPromise/<@chrome://remote/content/marionette/sync.sys.mjs:219:24
TimedPromise@chrome://remote/content/marionette/sync.sys.mjs:204:10
interaction.flushEventLoop@chrome://remote/content/marionette/interaction.sys.mjs:425:10
webdriverClickElement@chrome://remote/content/marionette/interaction.sys.mjs:173:31
JavaScript error: https://ltfl.librarything.com/syndeticsunbound/connector/initiator.php?a_id=517, line 8900: TypeError: LibraryThing.ltstrings is undefined
JavaScript error: https://ltfl.librarything.com/syndeticsunbound/connector/initiator.php?a_id=517, line 8900: TypeError: LibraryThing.ltstrings is undefined
1694717440788	Marionette	INFO	Stopped listening on port 46235
Sandbox: Unexpected EOF, op 0 flags 00 path /proc/cpuinfo
1694717441199	geckodriver	INFO	Listening on 127.0.0.1:33621
1694717441732	mozrunner::runner	INFO	Running command: MOZ_CRASHREPORTER="1" MOZ_CRASHREPORTER_NO_REPORT="1" MOZ_CRASHREPORTER_SHUTDOWN="1" MOZ_NO_REMOTE="1" "/usr ... ss" "--remote-debugging-port" "44541" "--remote-allow-hosts" "localhost" "-no-remote" "-profile" "/tmp/rust_mozprofileF7wrN6"
*** You are running in headless mode.
1694717441937	Marionette	INFO	Marionette enabled
1694717441939	Marionette	INFO	Listening on port 40109
WebDriver BiDi listening on ws://127.0.0.1:44541
Read port: 40109
1694717442099	RemoteAgent	WARN	TLS certificate errors will be ignored for this session
[GFX1-]: RenderCompositorSWGL failed mapping default framebuffer, no dt
console.warn: SearchSettings: "get: No settings file exists, new profile?" (new NotFoundError("Could not open the file at /tmp/rust_mozprofileF7wrN6/search.json.mozlz4", (void 0)))
DevTools listening on ws://127.0.0.1:44541/devtools/browser/b0730db8-7d96-4b93-8069-b77c52630a5f
1694717566628	geckodriver	INFO	Listening on 127.0.0.1:49273
1694717566674	mozrunner::runner	INFO	Running command: MOZ_CRASHREPORTER="1" MOZ_CRASHREPORTER_NO_REPORT="1" MOZ_CRASHREPORTER_SHUTDOWN="1" MOZ_NO_REMOTE="1" "/usr ... ss" "--remote-debugging-port" "55643" "--remote-allow-hosts" "localhost" "-no-remote" "-profile" "/tmp/rust_mozprofileYATutN"
*** You are running in headless mode.
1694717566869	Marionette	INFO	Marionette enabled
1694717566871	Marionette	INFO	Listening on port 36679
Read port: 36679
WebDriver BiDi listening on ws://127.0.0.1:55643
1694717566930	RemoteAgent	WARN	TLS certificate errors will be ignored for this session
[GFX1-]: RenderCompositorSWGL failed mapping default framebuffer, no dt
console.warn: SearchSettings: "get: No settings file exists, new profile?" (new NotFoundError("Could not open the file at /tmp/rust_mozprofileYATutN/search.json.mozlz4", (void 0)))
DevTools listening on ws://127.0.0.1:55643/devtools/browser/7d6381f3-634c-477d-a473-88652b8cde06
1694717571650	Marionette	WARN	TimedPromise timed out after 500 ms: stacktrace:
TimedPromise/<@chrome://remote/content/marionette/sync.sys.mjs:219:24
TimedPromise@chrome://remote/content/marionette/sync.sys.mjs:204:10
interaction.flushEventLoop@chrome://remote/content/marionette/interaction.sys.mjs:425:10
webdriverClickElement@chrome://remote/content/marionette/interaction.sys.mjs:173:31
JavaScript error: https://ltfl.librarything.com/syndeticsunbound/connector/initiator.php?a_id=517, line 8900: TypeError: LibraryThing.ltstrings is undefined
JavaScript error: https://ltfl.librarything.com/syndeticsunbound/connector/initiator.php?a_id=517, line 8900: TypeError: LibraryThing.ltstrings is undefined
JavaScript error: https://ltfl.librarything.com/syndeticsunbound/connector/initiator.php?a_id=517, line 8900: TypeError: LibraryThing.ltstrings is undefined
JavaScript error: https://ltfl.librarything.com/syndeticsunbound/connector/initiator.php?a_id=517, line 8900: TypeError: LibraryThing.ltstrings is undefined
JavaScript error: https://ltfl.librarything.com/syndeticsunbound/connector/initiator.php?a_id=517, line 8900: TypeError: LibraryThing.ltstrings is undefined
1694717574213	Marionette	INFO	Stopped listening on port 36679
1694717574626	geckodriver	INFO	Listening on 127.0.0.1:37227
1694717575159	mozrunner::runner	INFO	Running command: MOZ_CRASHREPORTER="1" MOZ_CRASHREPORTER_NO_REPORT="1" MOZ_CRASHREPORTER_SHUTDOWN="1" MOZ_NO_REMOTE="1" "/usr ... ss" "--remote-debugging-port" "36591" "--remote-allow-hosts" "localhost" "-no-remote" "-profile" "/tmp/rust_mozprofile2EaT61"
*** You are running in headless mode.
1694717575386	Marionette	INFO	Marionette enabled
1694717575388	Marionette	INFO	Listening on port 34969
WebDriver BiDi listening on ws://127.0.0.1:36591
Read port: 34969
1694717575576	RemoteAgent	WARN	TLS certificate errors will be ignored for this session
[GFX1-]: RenderCompositorSWGL failed mapping default framebuffer, no dt
console.warn: SearchSettings: "get: No settings file exists, new profile?" (new NotFoundError("Could not open the file at /tmp/rust_mozprofile2EaT61/search.json.mozlz4", (void 0)))
DevTools listening on ws://127.0.0.1:36591/devtools/browser/9aaecf46-ae12-4c54-8e8b-3d517960389c
[GFX1-]: Unrecognized feature ACCELERATED_CANVAS2D
[GFX1-]: Unrecognized feature ACCELERATED_CANVAS2D
1694726603549	geckodriver	INFO	Listening on 127.0.0.1:59987
1694726604103	mozrunner::runner	INFO	Running command: MOZ_CRASHREPORTER="1" MOZ_CRASHREPORTER_NO_REPORT="1" MOZ_CRASHREPORTER_SHUTDOWN="1" MOZ_NO_REMOTE="1" "/usr ... ss" "--remote-debugging-port" "56849" "--remote-allow-hosts" "localhost" "-no-remote" "-profile" "/tmp/rust_mozprofileGKxdDe"
*** You are running in headless mode.
1694726604335	Marionette	INFO	Marionette enabled
1694726604337	Marionette	INFO	Listening on port 45045
Read port: 45045
WebDriver BiDi listening on ws://127.0.0.1:56849
1694726604441	RemoteAgent	WARN	TLS certificate errors will be ignored for this session
[GFX1-]: RenderCompositorSWGL failed mapping default framebuffer, no dt
console.warn: SearchSettings: "get: No settings file exists, new profile?" (new NotFoundError("Could not open the file at /tmp/rust_mozprofileGKxdDe/search.json.mozlz4", (void 0)))
DevTools listening on ws://127.0.0.1:56849/devtools/browser/4da0e437-5447-48bc-8e1f-b4215017d4a9
JavaScript error: https://ltfl.librarything.com/syndeticsunbound/connector/initiator.php?a_id=517, line 8900: TypeError: LibraryThing.ltstrings is undefined
JavaScript error: https://ltfl.librarything.com/syndeticsunbound/connector/initiator.php?a_id=517, line 8900: TypeError: LibraryThing.ltstrings is undefined
JavaScript error: https://ltfl.librarything.com/syndeticsunbound/connector/initiator.php?a_id=517, line 8900: TypeError: LibraryThing.ltstrings is undefined
JavaScript error: https://ltfl.librarything.com/syndeticsunbound/connector/initiator.php?a_id=517, line 8900: TypeError: LibraryThing.ltstrings is undefined
1694726614171	Marionette	INFO	Stopped listening on port 45045
JavaScript error: https://ltfl.librarything.com/syndeticsunbound/connector/initiator.php?a_id=517, line 8900: TypeError: LibraryThing.ltstrings is undefined
JavaScript error: https://ltfl.librarything.com/syndeticsunbound/connector/initiator.php?a_id=517, line 8900: TypeError: LibraryThing.ltstrings is undefined
1694726614640	geckodriver	INFO	Listening on 127.0.0.1:59401
1694726615158	mozrunner::runner	INFO	Running command: MOZ_CRASHREPORTER="1" MOZ_CRASHREPORTER_NO_REPORT="1" MOZ_CRASHREPORTER_SHUTDOWN="1" MOZ_NO_REMOTE="1" "/usr ... ss" "--remote-debugging-port" "55031" "--remote-allow-hosts" "localhost" "-no-remote" "-profile" "/tmp/rust_mozprofile1onVzr"
*** You are running in headless mode.
1694726615437	Marionette	INFO	Marionette enabled
1694726615440	Marionette	INFO	Listening on port 46393
Read port: 46393
WebDriver BiDi listening on ws://127.0.0.1:55031
1694726615504	RemoteAgent	WARN	TLS certificate errors will be ignored for this session
[GFX1-]: RenderCompositorSWGL failed mapping default framebuffer, no dt
console.warn: SearchSettings: "get: No settings file exists, new profile?" (new NotFoundError("Could not open the file at /tmp/rust_mozprofile1onVzr/search.json.mozlz4", (void 0)))
DevTools listening on ws://127.0.0.1:55031/devtools/browser/d92b54e6-8e75-44f2-975c-fd74404c5527
1694726701420	geckodriver	INFO	Listening on 127.0.0.1:38837
1694726701976	mozrunner::runner	INFO	Running command: MOZ_CRASHREPORTER="1" MOZ_CRASHREPORTER_NO_REPORT="1" MOZ_CRASHREPORTER_SHUTDOWN="1" MOZ_NO_REMOTE="1" "/usr ... ss" "--remote-debugging-port" "40395" "--remote-allow-hosts" "localhost" "-no-remote" "-profile" "/tmp/rust_mozprofilemGioKi"
*** You are running in headless mode.
1694726702200	Marionette	INFO	Marionette enabled
1694726702203	Marionette	INFO	Listening on port 37015
WebDriver BiDi listening on ws://127.0.0.1:40395
Read port: 37015
1694726702381	RemoteAgent	WARN	TLS certificate errors will be ignored for this session
[GFX1-]: RenderCompositorSWGL failed mapping default framebuffer, no dt
console.warn: SearchSettings: "get: No settings file exists, new profile?" (new NotFoundError("Could not open the file at /tmp/rust_mozprofilemGioKi/search.json.mozlz4", (void 0)))
DevTools listening on ws://127.0.0.1:40395/devtools/browser/11b91936-f7c2-44c5-8222-f9841a9348d9
JavaScript error: https://ltfl.librarything.com/syndeticsunbound/connector/initiator.php?a_id=517, line 8900: TypeError: LibraryThing.ltstrings is undefined
1694726790108	Marionette	INFO	Stopped listening on port 37015
1694726790707	geckodriver	INFO	Listening on 127.0.0.1:60813
1694726791226	mozrunner::runner	INFO	Running command: MOZ_CRASHREPORTER="1" MOZ_CRASHREPORTER_NO_REPORT="1" MOZ_CRASHREPORTER_SHUTDOWN="1" MOZ_NO_REMOTE="1" "/usr ... ss" "--remote-debugging-port" "44921" "--remote-allow-hosts" "localhost" "-no-remote" "-profile" "/tmp/rust_mozprofilewH8giq"
*** You are running in headless mode.
1694726791502	Marionette	INFO	Marionette enabled
1694726791505	Marionette	INFO	Listening on port 37951
Read port: 37951
WebDriver BiDi listening on ws://127.0.0.1:44921
1694726791575	RemoteAgent	WARN	TLS certificate errors will be ignored for this session
[GFX1-]: RenderCompositorSWGL failed mapping default framebuffer, no dt
console.warn: SearchSettings: "get: No settings file exists, new profile?" (new NotFoundError("Could not open the file at /tmp/rust_mozprofilewH8giq/search.json.mozlz4", (void 0)))
DevTools listening on ws://127.0.0.1:44921/devtools/browser/a0359dfc-c51e-4e1a-8b84-03666dea9307
1694726900122	geckodriver	INFO	Listening on 127.0.0.1:46711
1694726900706	mozrunner::runner	INFO	Running command: MOZ_CRASHREPORTER="1" MOZ_CRASHREPORTER_NO_REPORT="1" MOZ_CRASHREPORTER_SHUTDOWN="1" MOZ_NO_REMOTE="1" "/usr ... ss" "--remote-debugging-port" "49963" "--remote-allow-hosts" "localhost" "-no-remote" "-profile" "/tmp/rust_mozprofiletdXr1r"
*** You are running in headless mode.
1694726900990	Marionette	INFO	Marionette enabled
1694726900993	Marionette	INFO	Listening on port 40229
Read port: 40229
WebDriver BiDi listening on ws://127.0.0.1:49963
1694726901094	RemoteAgent	WARN	TLS certificate errors will be ignored for this session
[GFX1-]: RenderCompositorSWGL failed mapping default framebuffer, no dt
console.warn: SearchSettings: "get: No settings file exists, new profile?" (new NotFoundError("Could not open the file at /tmp/rust_mozprofiletdXr1r/search.json.mozlz4", (void 0)))
DevTools listening on ws://127.0.0.1:49963/devtools/browser/85a0e21e-f212-4cc0-91ea-05d23629ba07
1694727500875	geckodriver	INFO	Listening on 127.0.0.1:46905
1694727501404	mozrunner::runner	INFO	Running command: MOZ_CRASHREPORTER="1" MOZ_CRASHREPORTER_NO_REPORT="1" MOZ_CRASHREPORTER_SHUTDOWN="1" MOZ_NO_REMOTE="1" "/usr ... ss" "--remote-debugging-port" "60897" "--remote-allow-hosts" "localhost" "-no-remote" "-profile" "/tmp/rust_mozprofileYTiN8Y"
*** You are running in headless mode.
1694727501603	Marionette	INFO	Marionette enabled
1694727501606	Marionette	INFO	Listening on port 39979
WebDriver BiDi listening on ws://127.0.0.1:60897
Read port: 39979
1694727501788	RemoteAgent	WARN	TLS certificate errors will be ignored for this session
[GFX1-]: RenderCompositorSWGL failed mapping default framebuffer, no dt
console.warn: SearchSettings: "get: No settings file exists, new profile?" (new NotFoundError("Could not open the file at /tmp/rust_mozprofileYTiN8Y/search.json.mozlz4", (void 0)))
DevTools listening on ws://127.0.0.1:60897/devtools/browser/3c836493-5dba-418d-ba0e-283d5a632332
JavaScript error: https://ltfl.librarything.com/syndeticsunbound/connector/initiator.php?a_id=517, line 8900: TypeError: LibraryThing.ltstrings is undefined
JavaScript error: https://ltfl.librarything.com/syndeticsunbound/connector/initiator.php?a_id=517, line 8900: TypeError: LibraryThing.ltstrings is undefined
JavaScript error: https://ltfl.librarything.com/syndeticsunbound/connector/initiator.php?a_id=517, line 8900: TypeError: LibraryThing.ltstrings is undefined
JavaScript error: https://ltfl.librarything.com/syndeticsunbound/connector/initiator.php?a_id=517, line 8900: TypeError: LibraryThing.ltstrings is undefined
1694727510665	Marionette	INFO	Stopped listening on port 39979
1694727511066	geckodriver	INFO	Listening on 127.0.0.1:50181
1694727511597	mozrunner::runner	INFO	Running command: MOZ_CRASHREPORTER="1" MOZ_CRASHREPORTER_NO_REPORT="1" MOZ_CRASHREPORTER_SHUTDOWN="1" MOZ_NO_REMOTE="1" "/usr ... ss" "--remote-debugging-port" "40597" "--remote-allow-hosts" "localhost" "-no-remote" "-profile" "/tmp/rust_mozprofile4Qxr1I"
*** You are running in headless mode.
1694727511783	Marionette	INFO	Marionette enabled
1694727511786	Marionette	INFO	Listening on port 33727
Read port: 33727
WebDriver BiDi listening on ws://127.0.0.1:40597
1694727511842	RemoteAgent	WARN	TLS certificate errors will be ignored for this session
[GFX1-]: RenderCompositorSWGL failed mapping default framebuffer, no dt
console.warn: SearchSettings: "get: No settings file exists, new profile?" (new NotFoundError("Could not open the file at /tmp/rust_mozprofile4Qxr1I/search.json.mozlz4", (void 0)))
DevTools listening on ws://127.0.0.1:40597/devtools/browser/9cb68522-8b6b-4357-ac61-9ec60a511057
JavaScript error: resource://gre/actors/ContentMetaChild.jsm, line 183: InvalidStateError: JSWindowActorChild.sendAsyncMessage: JSWindowActorChild cannot send at the moment
Exiting due to channel error.
Exiting due to channel error.
Exiting due to channel error.
Exiting due to channel error.
1694727555986	geckodriver	INFO	Listening on 127.0.0.1:59733
1694727556028	mozrunner::runner	INFO	Running command: MOZ_CRASHREPORTER="1" MOZ_CRASHREPORTER_NO_REPORT="1" MOZ_CRASHREPORTER_SHUTDOWN="1" MOZ_NO_REMOTE="1" "/usr ... ss" "--remote-debugging-port" "45275" "--remote-allow-hosts" "localhost" "-no-remote" "-profile" "/tmp/rust_mozprofilelF1lrA"
*** You are running in headless mode.
1694727556219	Marionette	INFO	Marionette enabled
1694727556221	Marionette	INFO	Listening on port 35017
Read port: 35017
WebDriver BiDi listening on ws://127.0.0.1:45275
1694727556280	RemoteAgent	WARN	TLS certificate errors will be ignored for this session
[GFX1-]: RenderCompositorSWGL failed mapping default framebuffer, no dt
console.warn: SearchSettings: "get: No settings file exists, new profile?" (new NotFoundError("Could not open the file at /tmp/rust_mozprofilelF1lrA/search.json.mozlz4", (void 0)))
DevTools listening on ws://127.0.0.1:45275/devtools/browser/cc7b7976-e660-47ec-a5df-6df325ff879e
JavaScript error: https://ltfl.librarything.com/syndeticsunbound/connector/initiator.php?a_id=517, line 8900: TypeError: LibraryThing.ltstrings is undefined
JavaScript error: https://ltfl.librarything.com/syndeticsunbound/connector/initiator.php?a_id=517, line 8900: TypeError: LibraryThing.ltstrings is undefined
JavaScript error: https://ltfl.librarything.com/syndeticsunbound/connector/initiator.php?a_id=517, line 8900: TypeError: LibraryThing.ltstrings is undefined
JavaScript error: https://ltfl.librarything.com/syndeticsunbound/connector/initiator.php?a_id=517, line 8900: TypeError: LibraryThing.ltstrings is undefined
JavaScript error: https://ltfl.librarything.com/syndeticsunbound/connector/initiator.php?a_id=517, line 8900: TypeError: LibraryThing.ltstrings is undefined
JavaScript error: https://ltfl.librarything.com/syndeticsunbound/connector/initiator.php?a_id=517, line 8900: TypeError: LibraryThing.ltstrings is undefined
JavaScript error: https://ltfl.librarything.com/syndeticsunbound/connector/initiator.php?a_id=517, line 8900: TypeError: LibraryThing.ltstrings is undefined
1694727565088	Marionette	INFO	Stopped listening on port 35017
Sandbox: Unexpected EOF, op 0 flags 00 path /proc/cpuinfo
1694727565486	geckodriver	INFO	Listening on 127.0.0.1:51263
1694727566017	mozrunner::runner	INFO	Running command: MOZ_CRASHREPORTER="1" MOZ_CRASHREPORTER_NO_REPORT="1" MOZ_CRASHREPORTER_SHUTDOWN="1" MOZ_NO_REMOTE="1" "/usr ... ss" "--remote-debugging-port" "35217" "--remote-allow-hosts" "localhost" "-no-remote" "-profile" "/tmp/rust_mozprofileXAuMyZ"
*** You are running in headless mode.
1694727566203	Marionette	INFO	Marionette enabled
1694727566205	Marionette	INFO	Listening on port 40699
Read port: 40699
WebDriver BiDi listening on ws://127.0.0.1:35217
1694727566262	RemoteAgent	WARN	TLS certificate errors will be ignored for this session
[GFX1-]: RenderCompositorSWGL failed mapping default framebuffer, no dt
console.warn: SearchSettings: "get: No settings file exists, new profile?" (new NotFoundError("Could not open the file at /tmp/rust_mozprofileXAuMyZ/search.json.mozlz4", (void 0)))
DevTools listening on ws://127.0.0.1:35217/devtools/browser/640c5dcb-5c35-4ec6-afaa-7f3399eebe6f
Exiting due to channel error.
Exiting due to channel error.
Exiting due to channel error.
Exiting due to channel error.
Exiting due to channel error.
Exiting due to channel error.
1694727613854	geckodriver	INFO	Listening on 127.0.0.1:37615
1694727613892	mozrunner::runner	INFO	Running command: MOZ_CRASHREPORTER="1" MOZ_CRASHREPORTER_NO_REPORT="1" MOZ_CRASHREPORTER_SHUTDOWN="1" MOZ_NO_REMOTE="1" "/usr ... te" "--remote-debugging-port" "43335" "--remote-allow-hosts" "localhost" "-no-remote" "-profile" "/tmp/rust_mozprofile6Pfej6"
ATTENTION: default value of option mesa_glthread overridden by environment.
ATTENTION: default value of option mesa_glthread overridden by environment.
ATTENTION: default value of option mesa_glthread overridden by environment.
ATTENTION: default value of option mesa_glthread overridden by environment.
1694727614273	Marionette	INFO	Marionette enabled
1694727614275	Marionette	INFO	Listening on port 46679
Read port: 46679
WebDriver BiDi listening on ws://127.0.0.1:43335
1694727614374	RemoteAgent	WARN	TLS certificate errors will be ignored for this session
console.warn: SearchSettings: "get: No settings file exists, new profile?" (new NotFoundError("Could not open the file at /tmp/rust_mozprofile6Pfej6/search.json.mozlz4", (void 0)))
DevTools listening on ws://127.0.0.1:43335/devtools/browser/be7a38d1-b486-4840-b948-dcf96630cc9b
JavaScript error: https://ltfl.librarything.com/syndeticsunbound/connector/initiator.php?a_id=517, line 8900: TypeError: LibraryThing.ltstrings is undefined
JavaScript error: https://ltfl.librarything.com/syndeticsunbound/connector/initiator.php?a_id=517, line 8900: TypeError: LibraryThing.ltstrings is undefined
JavaScript error: https://ltfl.librarything.com/syndeticsunbound/connector/initiator.php?a_id=517, line 8900: TypeError: LibraryThing.ltstrings is undefined
JavaScript error: https://ltfl.librarything.com/syndeticsunbound/connector/initiator.php?a_id=517, line 8900: TypeError: LibraryThing.ltstrings is undefined
JavaScript error: https://ltfl.librarything.com/syndeticsunbound/connector/initiator.php?a_id=517, line 8900: TypeError: LibraryThing.ltstrings is undefined
1694727621776	Marionette	INFO	Stopped listening on port 46679
1694727622183	geckodriver	INFO	Listening on 127.0.0.1:57995
1694727622715	mozrunner::runner	INFO	Running command: MOZ_CRASHREPORTER="1" MOZ_CRASHREPORTER_NO_REPORT="1" MOZ_CRASHREPORTER_SHUTDOWN="1" MOZ_NO_REMOTE="1" "/usr ... te" "--remote-debugging-port" "53611" "--remote-allow-hosts" "localhost" "-no-remote" "-profile" "/tmp/rust_mozprofilebofHvv"
ATTENTION: default value of option mesa_glthread overridden by environment.
ATTENTION: default value of option mesa_glthread overridden by environment.
ATTENTION: default value of option mesa_glthread overridden by environment.
ATTENTION: default value of option mesa_glthread overridden by environment.
1694727623124	Marionette	INFO	Marionette enabled
1694727623126	Marionette	INFO	Listening on port 36033
WebDriver BiDi listening on ws://127.0.0.1:53611
Read port: 36033
1694727623303	RemoteAgent	WARN	TLS certificate errors will be ignored for this session
console.warn: SearchSettings: "get: No settings file exists, new profile?" (new NotFoundError("Could not open the file at /tmp/rust_mozprofilebofHvv/search.json.mozlz4", (void 0)))
DevTools listening on ws://127.0.0.1:53611/devtools/browser/aa741e7d-e5fb-4e0b-8320-d89ef1e81e38
1694727638549	Marionette	INFO	Stopped listening on port 36033
Sandbox: Unexpected EOF, op 0 flags 00 path /proc/cpuinfo
1694727669927	geckodriver	INFO	Listening on 127.0.0.1:58059
1694727670472	mozrunner::runner	INFO	Running command: MOZ_CRASHREPORTER="1" MOZ_CRASHREPORTER_NO_REPORT="1" MOZ_CRASHREPORTER_SHUTDOWN="1" MOZ_NO_REMOTE="1" "/usr ... te" "--remote-debugging-port" "45947" "--remote-allow-hosts" "localhost" "-no-remote" "-profile" "/tmp/rust_mozprofileAE4xlB"
ATTENTION: default value of option mesa_glthread overridden by environment.
ATTENTION: default value of option mesa_glthread overridden by environment.
ATTENTION: default value of option mesa_glthread overridden by environment.
ATTENTION: default value of option mesa_glthread overridden by environment.
1694727670850	Marionette	INFO	Marionette enabled
1694727670853	Marionette	INFO	Listening on port 38769
Read port: 38769
WebDriver BiDi listening on ws://127.0.0.1:45947
1694727670973	RemoteAgent	WARN	TLS certificate errors will be ignored for this session
console.warn: SearchSettings: "get: No settings file exists, new profile?" (new NotFoundError("Could not open the file at /tmp/rust_mozprofileAE4xlB/search.json.mozlz4", (void 0)))
DevTools listening on ws://127.0.0.1:45947/devtools/browser/0104c416-1ec9-459e-beaf-661f84a51354
1694727675467	Marionette	WARN	TimedPromise timed out after 500 ms: stacktrace:
TimedPromise/<@chrome://remote/content/marionette/sync.sys.mjs:219:24
TimedPromise@chrome://remote/content/marionette/sync.sys.mjs:204:10
interaction.flushEventLoop@chrome://remote/content/marionette/interaction.sys.mjs:425:10
webdriverClickElement@chrome://remote/content/marionette/interaction.sys.mjs:173:31
JavaScript error: https://ltfl.librarything.com/syndeticsunbound/connector/initiator.php?a_id=517, line 8900: TypeError: LibraryThing.ltstrings is undefined
JavaScript error: https://ltfl.librarything.com/syndeticsunbound/connector/initiator.php?a_id=517, line 8900: TypeError: LibraryThing.ltstrings is undefined
JavaScript error: https://ltfl.librarything.com/syndeticsunbound/connector/initiator.php?a_id=517, line 8900: TypeError: LibraryThing.ltstrings is undefined
1694727678079	Marionette	INFO	Stopped listening on port 38769
1694727678466	geckodriver	INFO	Listening on 127.0.0.1:55913
1694727678993	mozrunner::runner	INFO	Running command: MOZ_CRASHREPORTER="1" MOZ_CRASHREPORTER_NO_REPORT="1" MOZ_CRASHREPORTER_SHUTDOWN="1" MOZ_NO_REMOTE="1" "/usr ... te" "--remote-debugging-port" "42067" "--remote-allow-hosts" "localhost" "-no-remote" "-profile" "/tmp/rust_mozprofileymcOcu"
ATTENTION: default value of option mesa_glthread overridden by environment.
ATTENTION: default value of option mesa_glthread overridden by environment.
ATTENTION: default value of option mesa_glthread overridden by environment.
ATTENTION: default value of option mesa_glthread overridden by environment.
1694727679384	Marionette	INFO	Marionette enabled
1694727679386	Marionette	INFO	Listening on port 39397
Read port: 39397
WebDriver BiDi listening on ws://127.0.0.1:42067
1694727679477	RemoteAgent	WARN	TLS certificate errors will be ignored for this session
console.warn: SearchSettings: "get: No settings file exists, new profile?" (new NotFoundError("Could not open the file at /tmp/rust_mozprofileymcOcu/search.json.mozlz4", (void 0)))
DevTools listening on ws://127.0.0.1:42067/devtools/browser/b3c7a99b-8854-4c4d-a192-7c3189807c1f
1694727718146	geckodriver	INFO	Listening on 127.0.0.1:47551
1694727718184	mozrunner::runner	INFO	Running command: MOZ_CRASHREPORTER="1" MOZ_CRASHREPORTER_NO_REPORT="1" MOZ_CRASHREPORTER_SHUTDOWN="1" MOZ_NO_REMOTE="1" "/usr ... te" "--remote-debugging-port" "53509" "--remote-allow-hosts" "localhost" "-no-remote" "-profile" "/tmp/rust_mozprofileaulGN3"
ATTENTION: default value of option mesa_glthread overridden by environment.
ATTENTION: default value of option mesa_glthread overridden by environment.
ATTENTION: default value of option mesa_glthread overridden by environment.
ATTENTION: default value of option mesa_glthread overridden by environment.
1694727718560	Marionette	INFO	Marionette enabled
1694727718563	Marionette	INFO	Listening on port 34871
Read port: 34871
WebDriver BiDi listening on ws://127.0.0.1:53509
1694727718667	RemoteAgent	WARN	TLS certificate errors will be ignored for this session
console.warn: SearchSettings: "get: No settings file exists, new profile?" (new NotFoundError("Could not open the file at /tmp/rust_mozprofileaulGN3/search.json.mozlz4", (void 0)))
DevTools listening on ws://127.0.0.1:53509/devtools/browser/81262871-ec26-4b42-8d6f-d9c835f11f64
JavaScript error: https://ltfl.librarything.com/syndeticsunbound/connector/initiator.php?a_id=517, line 8900: TypeError: LibraryThing.ltstrings is undefined
JavaScript error: https://ltfl.librarything.com/syndeticsunbound/connector/initiator.php?a_id=517, line 8900: TypeError: LibraryThing.ltstrings is undefined
JavaScript error: https://ltfl.librarything.com/syndeticsunbound/connector/initiator.php?a_id=517, line 8900: TypeError: LibraryThing.ltstrings is undefined
1694727726653	Marionette	INFO	Stopped listening on port 34871
1694727727036	geckodriver	INFO	Listening on 127.0.0.1:43719
1694727727568	mozrunner::runner	INFO	Running command: MOZ_CRASHREPORTER="1" MOZ_CRASHREPORTER_NO_REPORT="1" MOZ_CRASHREPORTER_SHUTDOWN="1" MOZ_NO_REMOTE="1" "/usr ... te" "--remote-debugging-port" "36581" "--remote-allow-hosts" "localhost" "-no-remote" "-profile" "/tmp/rust_mozprofileh416wF"
ATTENTION: default value of option mesa_glthread overridden by environment.
ATTENTION: default value of option mesa_glthread overridden by environment.
ATTENTION: default value of option mesa_glthread overridden by environment.
ATTENTION: default value of option mesa_glthread overridden by environment.
1694727727968	Marionette	INFO	Marionette enabled
1694727727970	Marionette	INFO	Listening on port 35189
WebDriver BiDi listening on ws://127.0.0.1:36581
Read port: 35189
1694727728149	RemoteAgent	WARN	TLS certificate errors will be ignored for this session
console.warn: SearchSettings: "get: No settings file exists, new profile?" (new NotFoundError("Could not open the file at /tmp/rust_mozprofileh416wF/search.json.mozlz4", (void 0)))
DevTools listening on ws://127.0.0.1:36581/devtools/browser/92b40e2e-ff2d-4db1-8504-c8e4d650a7d6
1694727792738	geckodriver	INFO	Listening on 127.0.0.1:45477
1694727792776	mozrunner::runner	INFO	Running command: MOZ_CRASHREPORTER="1" MOZ_CRASHREPORTER_NO_REPORT="1" MOZ_CRASHREPORTER_SHUTDOWN="1" MOZ_NO_REMOTE="1" "/usr ... te" "--remote-debugging-port" "46985" "--remote-allow-hosts" "localhost" "-no-remote" "-profile" "/tmp/rust_mozprofilelG7XAP"
ATTENTION: default value of option mesa_glthread overridden by environment.
ATTENTION: default value of option mesa_glthread overridden by environment.
ATTENTION: default value of option mesa_glthread overridden by environment.
ATTENTION: default value of option mesa_glthread overridden by environment.
1694727793169	Marionette	INFO	Marionette enabled
1694727793171	Marionette	INFO	Listening on port 38503
Read port: 38503
WebDriver BiDi listening on ws://127.0.0.1:46985
1694727793285	RemoteAgent	WARN	TLS certificate errors will be ignored for this session
console.warn: SearchSettings: "get: No settings file exists, new profile?" (new NotFoundError("Could not open the file at /tmp/rust_mozprofilelG7XAP/search.json.mozlz4", (void 0)))
DevTools listening on ws://127.0.0.1:46985/devtools/browser/891501fa-d8e4-4ca4-a0fa-414a3070e056
1694727798480	Marionette	WARN	TimedPromise timed out after 500 ms: stacktrace:
TimedPromise/<@chrome://remote/content/marionette/sync.sys.mjs:219:24
TimedPromise@chrome://remote/content/marionette/sync.sys.mjs:204:10
interaction.flushEventLoop@chrome://remote/content/marionette/interaction.sys.mjs:425:10
webdriverClickElement@chrome://remote/content/marionette/interaction.sys.mjs:173:31
JavaScript error: https://ltfl.librarything.com/syndeticsunbound/connector/initiator.php?a_id=517, line 8900: TypeError: LibraryThing.ltstrings is undefined
JavaScript error: https://ltfl.librarything.com/syndeticsunbound/connector/initiator.php?a_id=517, line 8900: TypeError: LibraryThing.ltstrings is undefined
JavaScript error: https://ltfl.librarything.com/syndeticsunbound/connector/initiator.php?a_id=517, line 8900: TypeError: LibraryThing.ltstrings is undefined
JavaScript error: https://ltfl.librarything.com/syndeticsunbound/connector/initiator.php?a_id=517, line 8900: TypeError: LibraryThing.ltstrings is undefined
JavaScript error: https://ltfl.librarything.com/syndeticsunbound/connector/initiator.php?a_id=517, line 8900: TypeError: LibraryThing.ltstrings is undefined
1694727801521	Marionette	INFO	Stopped listening on port 38503
Sandbox: Unexpected EOF, op 0 flags 00 path /proc/cpuinfo
1694727801919	geckodriver	INFO	Listening on 127.0.0.1:54089
1694727802458	mozrunner::runner	INFO	Running command: MOZ_CRASHREPORTER="1" MOZ_CRASHREPORTER_NO_REPORT="1" MOZ_CRASHREPORTER_SHUTDOWN="1" MOZ_NO_REMOTE="1" "/usr ... te" "--remote-debugging-port" "44283" "--remote-allow-hosts" "localhost" "-no-remote" "-profile" "/tmp/rust_mozprofileRPnSP9"
ATTENTION: default value of option mesa_glthread overridden by environment.
ATTENTION: default value of option mesa_glthread overridden by environment.
ATTENTION: default value of option mesa_glthread overridden by environment.
ATTENTION: default value of option mesa_glthread overridden by environment.
1694727802884	Marionette	INFO	Marionette enabled
1694727802887	Marionette	INFO	Listening on port 44563
WebDriver BiDi listening on ws://127.0.0.1:44283
Read port: 44563
1694727802987	RemoteAgent	WARN	TLS certificate errors will be ignored for this session
console.warn: SearchSettings: "get: No settings file exists, new profile?" (new NotFoundError("Could not open the file at /tmp/rust_mozprofileRPnSP9/search.json.mozlz4", (void 0)))
DevTools listening on ws://127.0.0.1:44283/devtools/browser/0692f7b9-5218-4a55-bbb7-f238abcac25b
[GFX1-]: Unrecognized feature ACCELERATED_CANVAS2D
[GFX1-]: Unrecognized feature ACCELERATED_CANVAS2D
[GFX1-]: Unrecognized feature ACCELERATED_CANVAS2D
1694728363229	Marionette	INFO	Stopped listening on port 39397
Sandbox: Unexpected EOF, op 0 flags 00 path /proc/cpuinfo
1694728363768	Marionette	INFO	Stopped listening on port 35189
Sandbox: Unexpected EOF, op 0 flags 00 path /proc/cpuinfo
1694728364278	Marionette	INFO	Stopped listening on port 44563
1694729246226	geckodriver	INFO	Listening on 127.0.0.1:46475
1694729246264	mozrunner::runner	INFO	Running command: MOZ_CRASHREPORTER="1" MOZ_CRASHREPORTER_NO_REPORT="1" MOZ_CRASHREPORTER_SHUTDOWN="1" MOZ_NO_REMOTE="1" "/usr ... te" "--remote-debugging-port" "38489" "--remote-allow-hosts" "localhost" "-no-remote" "-profile" "/tmp/rust_mozprofileqkBDp0"
ATTENTION: default value of option mesa_glthread overridden by environment.
ATTENTION: default value of option mesa_glthread overridden by environment.
ATTENTION: default value of option mesa_glthread overridden by environment.
ATTENTION: default value of option mesa_glthread overridden by environment.
1694729246646	Marionette	INFO	Marionette enabled
1694729246648	Marionette	INFO	Listening on port 35911
Read port: 35911
WebDriver BiDi listening on ws://127.0.0.1:38489
1694729246768	RemoteAgent	WARN	TLS certificate errors will be ignored for this session
console.warn: SearchSettings: "get: No settings file exists, new profile?" (new NotFoundError("Could not open the file at /tmp/rust_mozprofileqkBDp0/search.json.mozlz4", (void 0)))
DevTools listening on ws://127.0.0.1:38489/devtools/browser/20b12ae4-1786-47ad-ae1c-9d91b643886f
JavaScript error: https://ltfl.librarything.com/syndeticsunbound/connector/initiator.php?a_id=517, line 8900: TypeError: LibraryThing.ltstrings is undefined
JavaScript error: https://ltfl.librarything.com/syndeticsunbound/connector/initiator.php?a_id=517, line 8900: TypeError: LibraryThing.ltstrings is undefined
JavaScript error: https://ltfl.librarything.com/syndeticsunbound/connector/initiator.php?a_id=517, line 8900: TypeError: LibraryThing.ltstrings is undefined
JavaScript error: https://ltfl.librarything.com/syndeticsunbound/connector/initiator.php?a_id=517, line 8900: TypeError: LibraryThing.ltstrings is undefined
JavaScript error: https://ltfl.librarything.com/syndeticsunbound/connector/initiator.php?a_id=517, line 8900: TypeError: LibraryThing.ltstrings is undefined
1694729255998	Marionette	INFO	Stopped listening on port 35911
Sandbox: Unexpected EOF, op 0 flags 00 path /proc/cpuinfo
1694729256398	geckodriver	INFO	Listening on 127.0.0.1:54999
1694729256930	mozrunner::runner	INFO	Running command: MOZ_CRASHREPORTER="1" MOZ_CRASHREPORTER_NO_REPORT="1" MOZ_CRASHREPORTER_SHUTDOWN="1" MOZ_NO_REMOTE="1" "/usr ... te" "--remote-debugging-port" "47385" "--remote-allow-hosts" "localhost" "-no-remote" "-profile" "/tmp/rust_mozprofileFSNaAB"
ATTENTION: default value of option mesa_glthread overridden by environment.
ATTENTION: default value of option mesa_glthread overridden by environment.
ATTENTION: default value of option mesa_glthread overridden by environment.
ATTENTION: default value of option mesa_glthread overridden by environment.
1694729257380	Marionette	INFO	Marionette enabled
1694729257382	Marionette	INFO	Listening on port 42551
Read port: 42551
WebDriver BiDi listening on ws://127.0.0.1:47385
1694729257456	RemoteAgent	WARN	TLS certificate errors will be ignored for this session
console.warn: SearchSettings: "get: No settings file exists, new profile?" (new NotFoundError("Could not open the file at /tmp/rust_mozprofileFSNaAB/search.json.mozlz4", (void 0)))
DevTools listening on ws://127.0.0.1:47385/devtools/browser/7881f138-6d17-40e7-a9c7-74dcfc23a8c6
1694729308658	geckodriver	INFO	Listening on 127.0.0.1:46381
1694729308675	mozrunner::runner	INFO	Running command: MOZ_CRASHREPORTER="1" MOZ_CRASHREPORTER_NO_REPORT="1" MOZ_CRASHREPORTER_SHUTDOWN="1" MOZ_NO_REMOTE="1" "/usr ... te" "--remote-debugging-port" "50805" "--remote-allow-hosts" "localhost" "-no-remote" "-profile" "/tmp/rust_mozprofilelmv2XN"
ATTENTION: default value of option mesa_glthread overridden by environment.
ATTENTION: default value of option mesa_glthread overridden by environment.
ATTENTION: default value of option mesa_glthread overridden by environment.
ATTENTION: default value of option mesa_glthread overridden by environment.
1694729309055	Marionette	INFO	Marionette enabled
1694729309057	Marionette	INFO	Listening on port 40713
Read port: 40713
WebDriver BiDi listening on ws://127.0.0.1:50805
1694729309139	RemoteAgent	WARN	TLS certificate errors will be ignored for this session
console.warn: SearchSettings: "get: No settings file exists, new profile?" (new NotFoundError("Could not open the file at /tmp/rust_mozprofilelmv2XN/search.json.mozlz4", (void 0)))
DevTools listening on ws://127.0.0.1:50805/devtools/browser/c30d2074-f85d-40f7-937b-d861359afeca
1694729312283	Marionette	INFO	Stopped listening on port 42551
Sandbox: Unexpected EOF, op 0 flags 00 path /proc/cpuinfo
JavaScript error: https://ltfl.librarything.com/syndeticsunbound/connector/initiator.php?a_id=517, line 8900: TypeError: LibraryThing.ltstrings is undefined
JavaScript error: https://ltfl.librarything.com/syndeticsunbound/connector/initiator.php?a_id=517, line 8900: TypeError: LibraryThing.ltstrings is undefined
1694729315737	Marionette	INFO	Stopped listening on port 40713
1694729316113	geckodriver	INFO	Listening on 127.0.0.1:53901
1694729316634	mozrunner::runner	INFO	Running command: MOZ_CRASHREPORTER="1" MOZ_CRASHREPORTER_NO_REPORT="1" MOZ_CRASHREPORTER_SHUTDOWN="1" MOZ_NO_REMOTE="1" "/usr ... te" "--remote-debugging-port" "34153" "--remote-allow-hosts" "localhost" "-no-remote" "-profile" "/tmp/rust_mozprofile81RsjE"
ATTENTION: default value of option mesa_glthread overridden by environment.
ATTENTION: default value of option mesa_glthread overridden by environment.
ATTENTION: default value of option mesa_glthread overridden by environment.
ATTENTION: default value of option mesa_glthread overridden by environment.
1694729317039	Marionette	INFO	Marionette enabled
1694729317041	Marionette	INFO	Listening on port 40411
WebDriver BiDi listening on ws://127.0.0.1:34153
Read port: 40411
1694729317222	RemoteAgent	WARN	TLS certificate errors will be ignored for this session
console.warn: SearchSettings: "get: No settings file exists, new profile?" (new NotFoundError("Could not open the file at /tmp/rust_mozprofile81RsjE/search.json.mozlz4", (void 0)))
DevTools listening on ws://127.0.0.1:34153/devtools/browser/cf8c4f01-5a8d-430d-b9ff-18c7062d941f
1694729658846	geckodriver	INFO	Listening on 127.0.0.1:49687
1694729658880	mozrunner::runner	INFO	Running command: MOZ_CRASHREPORTER="1" MOZ_CRASHREPORTER_NO_REPORT="1" MOZ_CRASHREPORTER_SHUTDOWN="1" MOZ_NO_REMOTE="1" "/usr ... te" "--remote-debugging-port" "55459" "--remote-allow-hosts" "localhost" "-no-remote" "-profile" "/tmp/rust_mozprofiledfTIdk"
ATTENTION: default value of option mesa_glthread overridden by environment.
ATTENTION: default value of option mesa_glthread overridden by environment.
ATTENTION: default value of option mesa_glthread overridden by environment.
ATTENTION: default value of option mesa_glthread overridden by environment.
1694729659252	Marionette	INFO	Marionette enabled
1694729659254	Marionette	INFO	Listening on port 33635
Read port: 33635
WebDriver BiDi listening on ws://127.0.0.1:55459
1694729659334	RemoteAgent	WARN	TLS certificate errors will be ignored for this session
console.warn: SearchSettings: "get: No settings file exists, new profile?" (new NotFoundError("Could not open the file at /tmp/rust_mozprofiledfTIdk/search.json.mozlz4", (void 0)))
DevTools listening on ws://127.0.0.1:55459/devtools/browser/55859f05-7521-4a3e-b673-904665d55db9
JavaScript error: https://ltfl.librarything.com/syndeticsunbound/connector/initiator.php?a_id=517, line 8900: TypeError: LibraryThing.ltstrings is undefined
JavaScript error: https://ltfl.librarything.com/syndeticsunbound/connector/initiator.php?a_id=517, line 8900: TypeError: LibraryThing.ltstrings is undefined
JavaScript error: https://ltfl.librarything.com/syndeticsunbound/connector/initiator.php?a_id=517, line 8900: TypeError: LibraryThing.ltstrings is undefined
JavaScript error: https://ltfl.librarything.com/syndeticsunbound/connector/initiator.php?a_id=517, line 8900: TypeError: LibraryThing.ltstrings is undefined
JavaScript error: https://ltfl.librarything.com/syndeticsunbound/connector/initiator.php?a_id=517, line 8900: TypeError: LibraryThing.ltstrings is undefined
1694729667140	Marionette	INFO	Stopped listening on port 33635
Sandbox: Unexpected EOF, op 0 flags 00 path /proc/cpuinfo
1694729667567	geckodriver	INFO	Listening on 127.0.0.1:46391
1694729668099	mozrunner::runner	INFO	Running command: MOZ_CRASHREPORTER="1" MOZ_CRASHREPORTER_NO_REPORT="1" MOZ_CRASHREPORTER_SHUTDOWN="1" MOZ_NO_REMOTE="1" "/usr ... te" "--remote-debugging-port" "56725" "--remote-allow-hosts" "localhost" "-no-remote" "-profile" "/tmp/rust_mozprofileRcsOrl"
ATTENTION: default value of option mesa_glthread overridden by environment.
ATTENTION: default value of option mesa_glthread overridden by environment.
ATTENTION: default value of option mesa_glthread overridden by environment.
ATTENTION: default value of option mesa_glthread overridden by environment.
1694729668490	Marionette	INFO	Marionette enabled
1694729668492	Marionette	INFO	Listening on port 43255
Read port: 43255
WebDriver BiDi listening on ws://127.0.0.1:56725
1694729668597	RemoteAgent	WARN	TLS certificate errors will be ignored for this session
console.warn: SearchSettings: "get: No settings file exists, new profile?" (new NotFoundError("Could not open the file at /tmp/rust_mozprofileRcsOrl/search.json.mozlz4", (void 0)))
DevTools listening on ws://127.0.0.1:56725/devtools/browser/458d8350-e25a-465b-8851-739db63547fc
[GFX1-]: Unrecognized feature ACCELERATED_CANVAS2D
JavaScript error: resource://gre/modules/AsyncShutdown.jsm, line 560: NotFoundError: No such JSWindowActor 'DevToolsFrame'
JavaScript error: resource://gre/modules/AsyncShutdown.jsm, line 560: NotFoundError: No such JSWindowActor 'DevToolsFrame'
JavaScript error: resource://gre/modules/AsyncShutdown.jsm, line 560: NotFoundError: No such JSWindowActor 'DevToolsFrame'
1694729708600	Marionette	INFO	Stopped listening on port 40411
console.error: services.settings: 
  Message: NetworkError: Network error: TypeError: NetworkError: Network request failed
  Stack:
    APIError@resource://services-settings/RemoteSettingsClient.jsm:116:1
NetworkError@resource://services-settings/RemoteSettingsClient.jsm:120:5
_adjustedError@resource://services-settings/RemoteSettingsClient.jsm:878:14
maybeSync@resource://services-settings/RemoteSettingsClient.jsm:783:38

console.warn: services.settings: main/search-config sync interrupted by shutdown
Sandbox: Unexpected EOF, op 0 flags 00 path /proc/cpuinfo
1694729786926	geckodriver	INFO	Listening on 127.0.0.1:40715
1694729786944	mozrunner::runner	INFO	Running command: MOZ_CRASHREPORTER="1" MOZ_CRASHREPORTER_NO_REPORT="1" MOZ_CRASHREPORTER_SHUTDOWN="1" MOZ_NO_REMOTE="1" "/usr ... te" "--remote-debugging-port" "41283" "--remote-allow-hosts" "localhost" "-no-remote" "-profile" "/tmp/rust_mozprofileZeOvH8"
ATTENTION: default value of option mesa_glthread overridden by environment.
ATTENTION: default value of option mesa_glthread overridden by environment.
ATTENTION: default value of option mesa_glthread overridden by environment.
ATTENTION: default value of option mesa_glthread overridden by environment.
1694729787324	Marionette	INFO	Marionette enabled
1694729787326	Marionette	INFO	Listening on port 39467
Read port: 39467
WebDriver BiDi listening on ws://127.0.0.1:41283
1694729787406	RemoteAgent	WARN	TLS certificate errors will be ignored for this session
console.warn: SearchSettings: "get: No settings file exists, new profile?" (new NotFoundError("Could not open the file at /tmp/rust_mozprofileZeOvH8/search.json.mozlz4", (void 0)))
DevTools listening on ws://127.0.0.1:41283/devtools/browser/f257a0ee-3514-4a5d-a113-263565407444
1694729822217	Marionette	INFO	Stopped listening on port 43255
Sandbox: Unexpected EOF, op 0 flags 00 path /proc/cpuinfo
1694729825665	Marionette	INFO	Stopped listening on port 39467
Sandbox: Unexpected EOF, op 0 flags 00 path /proc/cpuinfo
1694729840762	geckodriver	INFO	Listening on 127.0.0.1:38201
1694729840796	mozrunner::runner	INFO	Running command: MOZ_CRASHREPORTER="1" MOZ_CRASHREPORTER_NO_REPORT="1" MOZ_CRASHREPORTER_SHUTDOWN="1" MOZ_NO_REMOTE="1" "/usr ... te" "--remote-debugging-port" "57085" "--remote-allow-hosts" "localhost" "-no-remote" "-profile" "/tmp/rust_mozprofileVNzrMK"
ATTENTION: default value of option mesa_glthread overridden by environment.
ATTENTION: default value of option mesa_glthread overridden by environment.
ATTENTION: default value of option mesa_glthread overridden by environment.
ATTENTION: default value of option mesa_glthread overridden by environment.
1694729841227	Marionette	INFO	Marionette enabled
1694729841230	Marionette	INFO	Listening on port 44687
WebDriver BiDi listening on ws://127.0.0.1:57085
Read port: 44687
1694729841326	RemoteAgent	WARN	TLS certificate errors will be ignored for this session
console.warn: SearchSettings: "get: No settings file exists, new profile?" (new NotFoundError("Could not open the file at /tmp/rust_mozprofileVNzrMK/search.json.mozlz4", (void 0)))
DevTools listening on ws://127.0.0.1:57085/devtools/browser/9e09b290-587e-4576-a7d4-08d482e3d3eb
1694729845326	Marionette	WARN	TimedPromise timed out after 500 ms: stacktrace:
TimedPromise/<@chrome://remote/content/marionette/sync.sys.mjs:219:24
TimedPromise@chrome://remote/content/marionette/sync.sys.mjs:204:10
interaction.flushEventLoop@chrome://remote/content/marionette/interaction.sys.mjs:425:10
webdriverClickElement@chrome://remote/content/marionette/interaction.sys.mjs:173:31
JavaScript error: https://ltfl.librarything.com/syndeticsunbound/connector/initiator.php?a_id=517, line 8900: TypeError: LibraryThing.ltstrings is undefined
JavaScript error: https://ltfl.librarything.com/syndeticsunbound/connector/initiator.php?a_id=517, line 8900: TypeError: LibraryThing.ltstrings is undefined
1694729847609	Marionette	INFO	Stopped listening on port 44687
Sandbox: Unexpected EOF, op 0 flags 00 path /proc/cpuinfo
1694729848026	geckodriver	INFO	Listening on 127.0.0.1:41357
1694729848557	mozrunner::runner	INFO	Running command: MOZ_CRASHREPORTER="1" MOZ_CRASHREPORTER_NO_REPORT="1" MOZ_CRASHREPORTER_SHUTDOWN="1" MOZ_NO_REMOTE="1" "/usr ... te" "--remote-debugging-port" "41499" "--remote-allow-hosts" "localhost" "-no-remote" "-profile" "/tmp/rust_mozprofileZSPPIF"
ATTENTION: default value of option mesa_glthread overridden by environment.
ATTENTION: default value of option mesa_glthread overridden by environment.
ATTENTION: default value of option mesa_glthread overridden by environment.
ATTENTION: default value of option mesa_glthread overridden by environment.
1694729848928	Marionette	INFO	Marionette enabled
1694729848930	Marionette	INFO	Listening on port 33717
Read port: 33717
WebDriver BiDi listening on ws://127.0.0.1:41499
1694729849010	RemoteAgent	WARN	TLS certificate errors will be ignored for this session
console.warn: SearchSettings: "get: No settings file exists, new profile?" (new NotFoundError("Could not open the file at /tmp/rust_mozprofileZSPPIF/search.json.mozlz4", (void 0)))
DevTools listening on ws://127.0.0.1:41499/devtools/browser/63034c9a-2581-4cbf-8c53-6eb034f22300
